<?xml version="1.0" encoding="UTF-8"?>
<testng-results skipped="0" failed="0" ignored="0" total="1" passed="1">
  <reporter-output>
  </reporter-output>
  <suite name="Default suite" duration-ms="6975" started-at="2020-09-01T01:49:41Z" finished-at="2020-09-01T01:49:47Z">
    <groups>
    </groups>
    <test name="Default test" duration-ms="6975" started-at="2020-09-01T01:49:41Z" finished-at="2020-09-01T01:49:47Z">
      <class name="Value_Test">
        <test-method status="PASS" signature="launch()[pri:0, instance:Value_Test@243c4f91]" name="launch" duration-ms="6943" started-at="2020-09-01T01:49:41Z" finished-at="2020-09-01T01:49:47Z">
          <reporter-output>
          </reporter-output>
        </test-method> <!-- launch -->
      </class> <!-- Value_Test -->
    </test> <!-- Default test -->
  </suite> <!-- Default suite -->
</testng-results>
